Using pre-set license
Built from '2020.3/staging' branch; Version is '2020.3.0f1 (c7b5465681fb) revision 13088070'; Using compiler version '192528614'; Build Type 'Release'
OS: 'Windows 10 Pro; OS build 19041.867; Version 2004; 64bit' Language: 'en' Physical Memory: 16318 MB
BatchMode: 1, IsHumanControllingUs: 0, StartBugReporterOnCrash: 0, Is64bit: 1, IsPro: 0

 COMMAND LINE ARGUMENTS:
C:\Program Files\Unity\Hub\Editor\2020.3.0f1\Editor\Unity.exe
-adb2
-batchMode
-noUpm
-name
AssetImportWorker0
-projectPath
C:/Users/wfwan/OneDrive/Desktop/ASL_Topography_Map_Project/ASL
-logFile
Logs/AssetImportWorker0.log
-srvPort
57532
Successfully changed project path to: C:/Users/wfwan/OneDrive/Desktop/ASL_Topography_Map_Project/ASL
C:/Users/wfwan/OneDrive/Desktop/ASL_Topography_Map_Project/ASL
Using Asset Import Pipeline V2.
Refreshing native plugins compatible for Editor in 63.85 ms, found 7 plugins.
Preloading 1 native plugins for Editor in 0.74 ms.
Initialize engine version: 2020.3.0f1 (c7b5465681fb)
[Subsystems] Discovering subsystems at path C:/Program Files/Unity/Hub/Editor/2020.3.0f1/Editor/Data/Resources/UnitySubsystems
[Subsystems] Discovering subsystems at path C:/Users/wfwan/OneDrive/Desktop/ASL_Topography_Map_Project/ASL/Assets
GfxDevice: creating device client; threaded=0
Direct3D:
    Version:  Direct3D 11.0 [level 11.1]
    Renderer: NVIDIA GeForce RTX 2070 (ID=0x1f07)
    Vendor:   
    VRAM:     8031 MB
    Driver:   27.21.14.6089
Initialize mono
Mono path[0] = 'C:/Program Files/Unity/Hub/Editor/2020.3.0f1/Editor/Data/Managed'
Mono path[1] = 'C:/Program Files/Unity/Hub/Editor/2020.3.0f1/Editor/Data/MonoBleedingEdge/lib/mono/unityjit'
Mono config path = 'C:/Program Files/Unity/Hub/Editor/2020.3.0f1/Editor/Data/MonoBleedingEdge/etc'
Using monoOptions --debugger-agent=transport=dt_socket,embedding=1,server=y,suspend=n,address=127.0.0.1:56056
Begin MonoManager ReloadAssembly
Registering precompiled unity dll's ...
Register platform support module: C:/Program Files/Unity/Hub/Editor/2020.3.0f1/Editor/Data/PlaybackEngines/WebGLSupport/UnityEditor.WebGL.Extensions.dll
Register platform support module: C:/Program Files/Unity/Hub/Editor/2020.3.0f1/Editor/Data/PlaybackEngines/MacStandaloneSupport/UnityEditor.OSXStandalone.Extensions.dll
Register platform support module: C:/Program Files/Unity/Hub/Editor/2020.3.0f1/Editor/Data/PlaybackEngines/WindowsStandaloneSupport/UnityEditor.WindowsStandalone.Extensions.dll
Register platform support module: C:/Program Files/Unity/Hub/Editor/2020.3.0f1/Editor/Data/PlaybackEngines/LuminSupport/UnityEditor.Lumin.Extensions.dll
Registered in 0.002599 seconds.
Native extension for Lumin target not found
Native extension for WindowsStandalone target not found
Native extension for OSXStandalone target not found
Native extension for WebGL target not found
Refreshing native plugins compatible for Editor in 63.09 ms, found 7 plugins.
Preloading 1 native plugins for Editor in 0.11 ms.
Invoked RoslynAnalysisRunner static constructor.
RoslynAnalysisRunner will not be running.
RoslynAnalysisRunner has terminated.
Mono: successfully reloaded assembly
- Completed reload, in  1.870 seconds
Platform modules already initialized, skipping
Registering precompiled user dll's ...
Registered in 0.010189 seconds.
Begin MonoManager ReloadAssembly
Native extension for Lumin target not found
Native extension for WindowsStandalone target not found
Native extension for OSXStandalone target not found
Native extension for WebGL target not found
Refreshing native plugins compatible for Editor in 71.32 ms, found 7 plugins.
Preloading 1 native plugins for Editor in 0.15 ms.
Invoked RoslynAnalysisRunner static constructor.
RoslynAnalysisRunner will not be running.
RoslynAnalysisRunner has terminated.
Mono: successfully reloaded assembly
- Completed reload, in  2.113 seconds
Platform modules already initialized, skipping
========================================================================
Worker process is ready to serve import requests
Launched and connected shader compiler UnityShaderCompiler.exe after 0.04 seconds
Refreshing native plugins compatible for Editor in 1.04 ms, found 7 plugins.
Preloading 1 native plugins for Editor in 0.07 ms.
Unloading 3568 Unused Serialized files (Serialized files now loaded: 0)
System memory in use before: 174.6 MB.
System memory in use after: 173.2 MB.

Unloading 2470 unused Assets to reduce memory usage. Loaded Objects now: 3646.
Total: 5.416100 ms (FindLiveObjects: 0.562900 ms CreateObjectMapping: 0.276700 ms MarkObjects: 2.191600 ms  DeleteObjects: 2.383400 ms)

========================================================================
Received Import Request.
  path: Assets/Resources/MyPrefabs/PlayerCube.prefab
  artifactKey: Guid(805b3d8c0ec98364784b502de526aa3a) Importer(815301076,1909f56bfc062723c751e8b465ee728b)
Start importing Assets/Resources/MyPrefabs/PlayerCube.prefab using Guid(805b3d8c0ec98364784b502de526aa3a) Importer(815301076,1909f56bfc062723c751e8b465ee728b)  -> (artifact id: '726ba550320b7b1bab9d321f672b489f') in 0.093909 seconds
  Import took 0.098692 seconds .

========================================================================
Received Import Request.
  Time since last request: 3.748160 seconds.
  path: Assets/Resources/MyPrefabs/PlayerCube.prefab
  artifactKey: Guid(805b3d8c0ec98364784b502de526aa3a) Importer(815301076,1909f56bfc062723c751e8b465ee728b)
Start importing Assets/Resources/MyPrefabs/PlayerCube.prefab using Guid(805b3d8c0ec98364784b502de526aa3a) Importer(815301076,1909f56bfc062723c751e8b465ee728b)  -> (artifact id: '12f6284723af446dfee5cac0dcd54924') in 0.008035 seconds
  Import took 0.013124 seconds .

========================================================================
Received Import Request.
  Time since last request: 0.586252 seconds.
  path: Assets/Resources/MyPrefabs/PlayerCube.prefab
  artifactKey: Guid(805b3d8c0ec98364784b502de526aa3a) Importer(815301076,1909f56bfc062723c751e8b465ee728b)
Start importing Assets/Resources/MyPrefabs/PlayerCube.prefab using Guid(805b3d8c0ec98364784b502de526aa3a) Importer(815301076,1909f56bfc062723c751e8b465ee728b)  -> (artifact id: 'cdf74bd7230d8b5d152bd4e2c7ca795f') in 0.008131 seconds
  Import took 0.013718 seconds .

========================================================================
Received Import Request.
  Time since last request: 3.014331 seconds.
  path: Assets/Resources/MyPrefabs/PlayerCube.prefab
  artifactKey: Guid(805b3d8c0ec98364784b502de526aa3a) Importer(815301076,1909f56bfc062723c751e8b465ee728b)
Start importing Assets/Resources/MyPrefabs/PlayerCube.prefab using Guid(805b3d8c0ec98364784b502de526aa3a) Importer(815301076,1909f56bfc062723c751e8b465ee728b)  -> (artifact id: '0410e01b9e709370974435869fdbcc07') in 0.008609 seconds
  Import took 0.013684 seconds .

========================================================================
Received Import Request.
  Time since last request: 1.811781 seconds.
  path: Assets/Resources/MyPrefabs/PlayerCube.prefab
  artifactKey: Guid(805b3d8c0ec98364784b502de526aa3a) Importer(815301076,1909f56bfc062723c751e8b465ee728b)
Start importing Assets/Resources/MyPrefabs/PlayerCube.prefab using Guid(805b3d8c0ec98364784b502de526aa3a) Importer(815301076,1909f56bfc062723c751e8b465ee728b)  -> (artifact id: 'e2e66e1c05dff3b46bf66693a4fa8140') in 0.010639 seconds
  Import took 0.015617 seconds .

========================================================================
Received Import Request.
  Time since last request: 1.391932 seconds.
  path: Assets/Resources/MyPrefabs/PlayerCube.prefab
  artifactKey: Guid(805b3d8c0ec98364784b502de526aa3a) Importer(815301076,1909f56bfc062723c751e8b465ee728b)
Start importing Assets/Resources/MyPrefabs/PlayerCube.prefab using Guid(805b3d8c0ec98364784b502de526aa3a) Importer(815301076,1909f56bfc062723c751e8b465ee728b)  -> (artifact id: '0e9ccb85fca57b28eabd2a145731d2b9') in 0.009118 seconds
  Import took 0.014212 seconds .

========================================================================
Received Import Request.
  Time since last request: 7.488924 seconds.
  path: Assets/Resources/MyPrefabs/PlayerCube.prefab
  artifactKey: Guid(805b3d8c0ec98364784b502de526aa3a) Importer(815301076,1909f56bfc062723c751e8b465ee728b)
Start importing Assets/Resources/MyPrefabs/PlayerCube.prefab using Guid(805b3d8c0ec98364784b502de526aa3a) Importer(815301076,1909f56bfc062723c751e8b465ee728b)  -> (artifact id: '64db9f97436aca0558dd1c0b0fafe5bb') in 0.009340 seconds
  Import took 0.014386 seconds .

========================================================================
Received Import Request.
  Time since last request: 8.424732 seconds.
  path: Assets/Resources/MyPrefabs/PlayerCube.prefab
  artifactKey: Guid(805b3d8c0ec98364784b502de526aa3a) Importer(815301076,1909f56bfc062723c751e8b465ee728b)
Start importing Assets/Resources/MyPrefabs/PlayerCube.prefab using Guid(805b3d8c0ec98364784b502de526aa3a) Importer(815301076,1909f56bfc062723c751e8b465ee728b)  -> (artifact id: 'cdf22f57e8eb50d35b2a0f17aabfb2d4') in 0.005673 seconds
  Import took 0.010737 seconds .

========================================================================
Received Import Request.
  Time since last request: 5.354609 seconds.
  path: Assets/Resources/MyPrefabs/PlayerCube.prefab
  artifactKey: Guid(805b3d8c0ec98364784b502de526aa3a) Importer(815301076,1909f56bfc062723c751e8b465ee728b)
Start importing Assets/Resources/MyPrefabs/PlayerCube.prefab using Guid(805b3d8c0ec98364784b502de526aa3a) Importer(815301076,1909f56bfc062723c751e8b465ee728b)  -> (artifact id: 'e2f5096f40e79f6ce00faa5b708d77b9') in 0.006441 seconds
  Import took 0.011752 seconds .

========================================================================
Received Import Request.
  Time since last request: 4.025057 seconds.
  path: Assets/Resources/MyPrefabs/PlayerCube.prefab
  artifactKey: Guid(805b3d8c0ec98364784b502de526aa3a) Importer(815301076,1909f56bfc062723c751e8b465ee728b)
Start importing Assets/Resources/MyPrefabs/PlayerCube.prefab using Guid(805b3d8c0ec98364784b502de526aa3a) Importer(815301076,1909f56bfc062723c751e8b465ee728b)  -> (artifact id: 'f7a77b1b76c4155918253c8cdfa8318a') in 0.008774 seconds
  Import took 0.014583 seconds .

========================================================================
Received Import Request.
  Time since last request: 4.412154 seconds.
  path: Assets/Resources/MyPrefabs/PlayerCube.prefab
  artifactKey: Guid(805b3d8c0ec98364784b502de526aa3a) Importer(815301076,1909f56bfc062723c751e8b465ee728b)
Start importing Assets/Resources/MyPrefabs/PlayerCube.prefab using Guid(805b3d8c0ec98364784b502de526aa3a) Importer(815301076,1909f56bfc062723c751e8b465ee728b)  -> (artifact id: '4da2878e6646e9f71a6792553e03ecc7') in 0.005758 seconds
  Import took 0.010614 seconds .

========================================================================
Received Import Request.
  Time since last request: 2.383463 seconds.
  path: Assets/Resources/MyPrefabs/PlayerCube.prefab
  artifactKey: Guid(805b3d8c0ec98364784b502de526aa3a) Importer(815301076,1909f56bfc062723c751e8b465ee728b)
Start importing Assets/Resources/MyPrefabs/PlayerCube.prefab using Guid(805b3d8c0ec98364784b502de526aa3a) Importer(815301076,1909f56bfc062723c751e8b465ee728b)  -> (artifact id: '3a1ec4f2e14315fa225dc19cc81ed197') in 0.005670 seconds
  Import took 0.010828 seconds .

========================================================================
Received Prepare
Registering precompiled user dll's ...
Registered in 0.009392 seconds.
Begin MonoManager ReloadAssembly
Native extension for Lumin target not found
Native extension for WindowsStandalone target not found
Native extension for OSXStandalone target not found
Native extension for WebGL target not found
Refreshing native plugins compatible for Editor in 0.82 ms, found 7 plugins.
Preloading 1 native plugins for Editor in 0.07 ms.
Invoked RoslynAnalysisRunner static constructor.
RoslynAnalysisRunner will not be running.
RoslynAnalysisRunner has terminated.
Error when attempting to update scene info fields. Scene info data may be stale.
UnityEngine.StackTraceUtility:ExtractStackTrace ()
UnityEngine.DebugLogHandler:LogFormat (UnityEngine.LogType,UnityEngine.Object,string,object[])
UnityEngine.Logger:Log (UnityEngine.LogType,object)
UnityEngine.Debug:LogWarning (object)
Microsoft.MixedReality.Toolkit.Editor.SceneInfoUtils:RefreshSceneInfoFieldsInScriptableObjects () (at Assets/ASL/MRTK/Core/Inspectors/PropertyDrawers/SceneInfoUtils.cs:313)
Microsoft.MixedReality.Toolkit.Editor.SceneInfoUtils:InitializeOnLoad () (at Assets/ASL/MRTK/Core/Inspectors/PropertyDrawers/SceneInfoUtils.cs:231)

(Filename: Assets/ASL/MRTK/Core/Inspectors/PropertyDrawers/SceneInfoUtils.cs Line: 313)

Mono: successfully reloaded assembly
- Completed reload, in  1.620 seconds
Platform modules already initialized, skipping
Refreshing native plugins compatible for Editor in 0.87 ms, found 7 plugins.
Preloading 1 native plugins for Editor in 0.07 ms.
Unloading 3461 Unused Serialized files (Serialized files now loaded: 0)
System memory in use before: 170.6 MB.
System memory in use after: 169.7 MB.

Unloading 2336 unused Assets to reduce memory usage. Loaded Objects now: 3657.
Total: 76.730600 ms (FindLiveObjects: 0.574300 ms CreateObjectMapping: 0.254800 ms MarkObjects: 2.200600 ms  DeleteObjects: 73.699600 ms)

========================================================================
Received Prepare
Registering precompiled user dll's ...
Registered in 0.010084 seconds.
Begin MonoManager ReloadAssembly
Native extension for Lumin target not found
Native extension for WindowsStandalone target not found
Native extension for OSXStandalone target not found
Native extension for WebGL target not found
Refreshing native plugins compatible for Editor in 0.89 ms, found 7 plugins.
Preloading 1 native plugins for Editor in 0.10 ms.
Invoked RoslynAnalysisRunner static constructor.
RoslynAnalysisRunner will not be running.
RoslynAnalysisRunner has terminated.
Error when attempting to update scene info fields. Scene info data may be stale.
UnityEngine.StackTraceUtility:ExtractStackTrace ()
UnityEngine.DebugLogHandler:LogFormat (UnityEngine.LogType,UnityEngine.Object,string,object[])
UnityEngine.Logger:Log (UnityEngine.LogType,object)
UnityEngine.Debug:LogWarning (object)
Microsoft.MixedReality.Toolkit.Editor.SceneInfoUtils:RefreshSceneInfoFieldsInScriptableObjects () (at Assets/ASL/MRTK/Core/Inspectors/PropertyDrawers/SceneInfoUtils.cs:313)
Microsoft.MixedReality.Toolkit.Editor.SceneInfoUtils:InitializeOnLoad () (at Assets/ASL/MRTK/Core/Inspectors/PropertyDrawers/SceneInfoUtils.cs:231)

(Filename: Assets/ASL/MRTK/Core/Inspectors/PropertyDrawers/SceneInfoUtils.cs Line: 313)

Mono: successfully reloaded assembly
- Completed reload, in  1.818 seconds
Platform modules already initialized, skipping
Refreshing native plugins compatible for Editor in 1.03 ms, found 7 plugins.
Preloading 1 native plugins for Editor in 0.12 ms.
Unloading 3461 Unused Serialized files (Serialized files now loaded: 0)
System memory in use before: 170.7 MB.
System memory in use after: 169.5 MB.

Unloading 2335 unused Assets to reduce memory usage. Loaded Objects now: 3661.
Total: 7.096200 ms (FindLiveObjects: 0.895800 ms CreateObjectMapping: 0.506900 ms MarkObjects: 2.450300 ms  DeleteObjects: 3.241400 ms)

========================================================================
Received Import Request.
  Time since last request: 194.592484 seconds.
  path: Assets/Resources/MyPrefabs/PlayerCube.prefab
  artifactKey: Guid(805b3d8c0ec98364784b502de526aa3a) Importer(815301076,1909f56bfc062723c751e8b465ee728b)
Start importing Assets/Resources/MyPrefabs/PlayerCube.prefab using Guid(805b3d8c0ec98364784b502de526aa3a) Importer(815301076,1909f56bfc062723c751e8b465ee728b)  -> (artifact id: '1930f4692b081983d7a1bb77650e7b0a') in 0.052140 seconds
  Import took 0.057654 seconds .

========================================================================
Received Prepare
Registering precompiled user dll's ...
Registered in 0.009316 seconds.
Begin MonoManager ReloadAssembly
Native extension for Lumin target not found
Native extension for WindowsStandalone target not found
Native extension for OSXStandalone target not found
Native extension for WebGL target not found
Refreshing native plugins compatible for Editor in 0.82 ms, found 7 plugins.
Preloading 1 native plugins for Editor in 0.08 ms.
Invoked RoslynAnalysisRunner static constructor.
RoslynAnalysisRunner will not be running.
RoslynAnalysisRunner has terminated.
Error when attempting to update scene info fields. Scene info data may be stale.
UnityEngine.StackTraceUtility:ExtractStackTrace ()
UnityEngine.DebugLogHandler:LogFormat (UnityEngine.LogType,UnityEngine.Object,string,object[])
UnityEngine.Logger:Log (UnityEngine.LogType,object)
UnityEngine.Debug:LogWarning (object)
Microsoft.MixedReality.Toolkit.Editor.SceneInfoUtils:RefreshSceneInfoFieldsInScriptableObjects () (at Assets/ASL/MRTK/Core/Inspectors/PropertyDrawers/SceneInfoUtils.cs:313)
Microsoft.MixedReality.Toolkit.Editor.SceneInfoUtils:InitializeOnLoad () (at Assets/ASL/MRTK/Core/Inspectors/PropertyDrawers/SceneInfoUtils.cs:231)

(Filename: Assets/ASL/MRTK/Core/Inspectors/PropertyDrawers/SceneInfoUtils.cs Line: 313)

Mono: successfully reloaded assembly
- Completed reload, in  1.613 seconds
Platform modules already initialized, skipping
Refreshing native plugins compatible for Editor in 0.82 ms, found 7 plugins.
Preloading 1 native plugins for Editor in 0.07 ms.
Unloading 3461 Unused Serialized files (Serialized files now loaded: 0)
System memory in use before: 170.8 MB.
System memory in use after: 169.9 MB.

Unloading 2336 unused Assets to reduce memory usage. Loaded Objects now: 3666.
Total: 4.997200 ms (FindLiveObjects: 0.465400 ms CreateObjectMapping: 0.234600 ms MarkObjects: 2.054800 ms  DeleteObjects: 2.241100 ms)

========================================================================
Received Prepare
Registering precompiled user dll's ...
Registered in 0.010044 seconds.
Begin MonoManager ReloadAssembly
Native extension for Lumin target not found
Native extension for WindowsStandalone target not found
Native extension for OSXStandalone target not found
Native extension for WebGL target not found
Refreshing native plugins compatible for Editor in 0.86 ms, found 7 plugins.
Preloading 1 native plugins for Editor in 0.10 ms.
Invoked RoslynAnalysisRunner static constructor.
RoslynAnalysisRunner will not be running.
RoslynAnalysisRunner has terminated.
Error when attempting to update scene info fields. Scene info data may be stale.
UnityEngine.StackTraceUtility:ExtractStackTrace ()
UnityEngine.DebugLogHandler:LogFormat (UnityEngine.LogType,UnityEngine.Object,string,object[])
UnityEngine.Logger:Log (UnityEngine.LogType,object)
UnityEngine.Debug:LogWarning (object)
Microsoft.MixedReality.Toolkit.Editor.SceneInfoUtils:RefreshSceneInfoFieldsInScriptableObjects () (at Assets/ASL/MRTK/Core/Inspectors/PropertyDrawers/SceneInfoUtils.cs:313)
Microsoft.MixedReality.Toolkit.Editor.SceneInfoUtils:InitializeOnLoad () (at Assets/ASL/MRTK/Core/Inspectors/PropertyDrawers/SceneInfoUtils.cs:231)

(Filename: Assets/ASL/MRTK/Core/Inspectors/PropertyDrawers/SceneInfoUtils.cs Line: 313)

Mono: successfully reloaded assembly
- Completed reload, in  1.781 seconds
Platform modules already initialized, skipping
Refreshing native plugins compatible for Editor in 0.89 ms, found 7 plugins.
Preloading 1 native plugins for Editor in 0.11 ms.
Unloading 3461 Unused Serialized files (Serialized files now loaded: 0)
System memory in use before: 170.8 MB.
System memory in use after: 169.9 MB.

Unloading 2335 unused Assets to reduce memory usage. Loaded Objects now: 3670.
Total: 6.433400 ms (FindLiveObjects: 0.826700 ms CreateObjectMapping: 0.449000 ms MarkObjects: 2.304100 ms  DeleteObjects: 2.852500 ms)

========================================================================
Received Prepare
Registering precompiled user dll's ...
Registered in 0.009522 seconds.
Begin MonoManager ReloadAssembly
Native extension for Lumin target not found
Native extension for WindowsStandalone target not found
Native extension for OSXStandalone target not found
Native extension for WebGL target not found
Refreshing native plugins compatible for Editor in 0.91 ms, found 7 plugins.
Preloading 1 native plugins for Editor in 0.10 ms.
Invoked RoslynAnalysisRunner static constructor.
RoslynAnalysisRunner will not be running.
RoslynAnalysisRunner has terminated.
Error when attempting to update scene info fields. Scene info data may be stale.
UnityEngine.StackTraceUtility:ExtractStackTrace ()
UnityEngine.DebugLogHandler:LogFormat (UnityEngine.LogType,UnityEngine.Object,string,object[])
UnityEngine.Logger:Log (UnityEngine.LogType,object)
UnityEngine.Debug:LogWarning (object)
Microsoft.MixedReality.Toolkit.Editor.SceneInfoUtils:RefreshSceneInfoFieldsInScriptableObjects () (at Assets/ASL/MRTK/Core/Inspectors/PropertyDrawers/SceneInfoUtils.cs:313)
Microsoft.MixedReality.Toolkit.Editor.SceneInfoUtils:InitializeOnLoad () (at Assets/ASL/MRTK/Core/Inspectors/PropertyDrawers/SceneInfoUtils.cs:231)

(Filename: Assets/ASL/MRTK/Core/Inspectors/PropertyDrawers/SceneInfoUtils.cs Line: 313)

Mono: successfully reloaded assembly
- Completed reload, in  1.802 seconds
Platform modules already initialized, skipping
Refreshing native plugins compatible for Editor in 0.92 ms, found 7 plugins.
Preloading 1 native plugins for Editor in 0.08 ms.
Unloading 3461 Unused Serialized files (Serialized files now loaded: 0)
System memory in use before: 170.9 MB.
System memory in use after: 170.0 MB.

Unloading 2335 unused Assets to reduce memory usage. Loaded Objects now: 3674.
Total: 6.226500 ms (FindLiveObjects: 0.591800 ms CreateObjectMapping: 0.306900 ms MarkObjects: 2.472500 ms  DeleteObjects: 2.854000 ms)

========================================================================
Received Prepare
Registering precompiled user dll's ...
Registered in 0.009304 seconds.
Begin MonoManager ReloadAssembly
Native extension for Lumin target not found
Native extension for WindowsStandalone target not found
Native extension for OSXStandalone target not found
Native extension for WebGL target not found
Refreshing native plugins compatible for Editor in 1.07 ms, found 7 plugins.
Preloading 1 native plugins for Editor in 0.09 ms.
Invoked RoslynAnalysisRunner static constructor.
RoslynAnalysisRunner will not be running.
RoslynAnalysisRunner has terminated.
Error when attempting to update scene info fields. Scene info data may be stale.
UnityEngine.StackTraceUtility:ExtractStackTrace ()
UnityEngine.DebugLogHandler:LogFormat (UnityEngine.LogType,UnityEngine.Object,string,object[])
UnityEngine.Logger:Log (UnityEngine.LogType,object)
UnityEngine.Debug:LogWarning (object)
Microsoft.MixedReality.Toolkit.Editor.SceneInfoUtils:RefreshSceneInfoFieldsInScriptableObjects () (at Assets/ASL/MRTK/Core/Inspectors/PropertyDrawers/SceneInfoUtils.cs:313)
Microsoft.MixedReality.Toolkit.Editor.SceneInfoUtils:InitializeOnLoad () (at Assets/ASL/MRTK/Core/Inspectors/PropertyDrawers/SceneInfoUtils.cs:231)

(Filename: Assets/ASL/MRTK/Core/Inspectors/PropertyDrawers/SceneInfoUtils.cs Line: 313)

Mono: successfully reloaded assembly
- Completed reload, in  1.707 seconds
Platform modules already initialized, skipping
Refreshing native plugins compatible for Editor in 0.82 ms, found 7 plugins.
Preloading 1 native plugins for Editor in 0.07 ms.
Unloading 3461 Unused Serialized files (Serialized files now loaded: 0)
System memory in use before: 170.9 MB.
System memory in use after: 170.0 MB.

Unloading 2335 unused Assets to reduce memory usage. Loaded Objects now: 3678.
Total: 5.376000 ms (FindLiveObjects: 0.570700 ms CreateObjectMapping: 0.300800 ms MarkObjects: 2.119400 ms  DeleteObjects: 2.383900 ms)

========================================================================
Received Prepare
Registering precompiled user dll's ...
Registered in 0.011637 seconds.
Begin MonoManager ReloadAssembly
Native extension for Lumin target not found
Native extension for WindowsStandalone target not found
Native extension for OSXStandalone target not found
Native extension for WebGL target not found
Refreshing native plugins compatible for Editor in 0.83 ms, found 7 plugins.
Preloading 1 native plugins for Editor in 0.07 ms.
Invoked RoslynAnalysisRunner static constructor.
RoslynAnalysisRunner will not be running.
RoslynAnalysisRunner has terminated.
Error when attempting to update scene info fields. Scene info data may be stale.
UnityEngine.StackTraceUtility:ExtractStackTrace ()
UnityEngine.DebugLogHandler:LogFormat (UnityEngine.LogType,UnityEngine.Object,string,object[])
UnityEngine.Logger:Log (UnityEngine.LogType,object)
UnityEngine.Debug:LogWarning (object)
Microsoft.MixedReality.Toolkit.Editor.SceneInfoUtils:RefreshSceneInfoFieldsInScriptableObjects () (at Assets/ASL/MRTK/Core/Inspectors/PropertyDrawers/SceneInfoUtils.cs:313)
Microsoft.MixedReality.Toolkit.Editor.SceneInfoUtils:InitializeOnLoad () (at Assets/ASL/MRTK/Core/Inspectors/PropertyDrawers/SceneInfoUtils.cs:231)

(Filename: Assets/ASL/MRTK/Core/Inspectors/PropertyDrawers/SceneInfoUtils.cs Line: 313)

Mono: successfully reloaded assembly
- Completed reload, in  1.695 seconds
Platform modules already initialized, skipping
Refreshing native plugins compatible for Editor in 0.90 ms, found 7 plugins.
Preloading 1 native plugins for Editor in 0.08 ms.
Unloading 3461 Unused Serialized files (Serialized files now loaded: 0)
System memory in use before: 171.0 MB.
System memory in use after: 170.0 MB.

Unloading 2335 unused Assets to reduce memory usage. Loaded Objects now: 3682.
Total: 5.929900 ms (FindLiveObjects: 0.581900 ms CreateObjectMapping: 0.336000 ms MarkObjects: 2.330000 ms  DeleteObjects: 2.679200 ms)

========================================================================
Received Prepare
Registering precompiled user dll's ...
Registered in 0.009969 seconds.
Begin MonoManager ReloadAssembly
Native extension for Lumin target not found
Native extension for WindowsStandalone target not found
Native extension for OSXStandalone target not found
Native extension for WebGL target not found
Refreshing native plugins compatible for Editor in 0.82 ms, found 7 plugins.
Preloading 1 native plugins for Editor in 0.08 ms.
Invoked RoslynAnalysisRunner static constructor.
RoslynAnalysisRunner will not be running.
RoslynAnalysisRunner has terminated.
Error when attempting to update scene info fields. Scene info data may be stale.
UnityEngine.StackTraceUtility:ExtractStackTrace ()
UnityEngine.DebugLogHandler:LogFormat (UnityEngine.LogType,UnityEngine.Object,string,object[])
UnityEngine.Logger:Log (UnityEngine.LogType,object)
UnityEngine.Debug:LogWarning (object)
Microsoft.MixedReality.Toolkit.Editor.SceneInfoUtils:RefreshSceneInfoFieldsInScriptableObjects () (at Assets/ASL/MRTK/Core/Inspectors/PropertyDrawers/SceneInfoUtils.cs:313)
Microsoft.MixedReality.Toolkit.Editor.SceneInfoUtils:InitializeOnLoad () (at Assets/ASL/MRTK/Core/Inspectors/PropertyDrawers/SceneInfoUtils.cs:231)

(Filename: Assets/ASL/MRTK/Core/Inspectors/PropertyDrawers/SceneInfoUtils.cs Line: 313)

Mono: successfully reloaded assembly
- Completed reload, in  1.860 seconds
Platform modules already initialized, skipping
Refreshing native plugins compatible for Editor in 0.88 ms, found 7 plugins.
Preloading 1 native plugins for Editor in 0.08 ms.
Unloading 3461 Unused Serialized files (Serialized files now loaded: 0)
System memory in use before: 171.0 MB.
System memory in use after: 170.1 MB.

Unloading 2335 unused Assets to reduce memory usage. Loaded Objects now: 3686.
Total: 7.277500 ms (FindLiveObjects: 0.665600 ms CreateObjectMapping: 0.385100 ms MarkObjects: 2.940200 ms  DeleteObjects: 3.285100 ms)

========================================================================
Received Prepare
Refreshing native plugins compatible for Editor in 6.56 ms, found 7 plugins.
Preloading 1 native plugins for Editor in 0.06 ms.
Unloading 24 Unused Serialized files (Serialized files now loaded: 0)
System memory in use before: 92.7 MB.
System memory in use after: 92.9 MB.

Unloading 24 unused Assets to reduce memory usage. Loaded Objects now: 3686.
Total: 2.755400 ms (FindLiveObjects: 0.363700 ms CreateObjectMapping: 0.165500 ms MarkObjects: 2.183500 ms  DeleteObjects: 0.041700 ms)

========================================================================
Received Prepare
Registering precompiled user dll's ...
Registered in 0.012224 seconds.
Begin MonoManager ReloadAssembly
Native extension for Lumin target not found
Native extension for WindowsStandalone target not found
Native extension for OSXStandalone target not found
Native extension for WebGL target not found
Refreshing native plugins compatible for Editor in 1.06 ms, found 7 plugins.
Preloading 1 native plugins for Editor in 0.12 ms.
Invoked RoslynAnalysisRunner static constructor.
RoslynAnalysisRunner will not be running.
RoslynAnalysisRunner has terminated.
Error when attempting to update scene info fields. Scene info data may be stale.
UnityEngine.StackTraceUtility:ExtractStackTrace ()
UnityEngine.DebugLogHandler:LogFormat (UnityEngine.LogType,UnityEngine.Object,string,object[])
UnityEngine.Logger:Log (UnityEngine.LogType,object)
UnityEngine.Debug:LogWarning (object)
Microsoft.MixedReality.Toolkit.Editor.SceneInfoUtils:RefreshSceneInfoFieldsInScriptableObjects () (at Assets/ASL/MRTK/Core/Inspectors/PropertyDrawers/SceneInfoUtils.cs:313)
Microsoft.MixedReality.Toolkit.Editor.SceneInfoUtils:InitializeOnLoad () (at Assets/ASL/MRTK/Core/Inspectors/PropertyDrawers/SceneInfoUtils.cs:231)

(Filename: Assets/ASL/MRTK/Core/Inspectors/PropertyDrawers/SceneInfoUtils.cs Line: 313)

Mono: successfully reloaded assembly
- Completed reload, in  2.262 seconds
Platform modules already initialized, skipping
Refreshing native plugins compatible for Editor in 1.00 ms, found 7 plugins.
Preloading 1 native plugins for Editor in 0.14 ms.
Unloading 3461 Unused Serialized files (Serialized files now loaded: 0)
System memory in use before: 171.0 MB.
System memory in use after: 170.1 MB.

Unloading 2335 unused Assets to reduce memory usage. Loaded Objects now: 3690.
Total: 7.424700 ms (FindLiveObjects: 0.643700 ms CreateObjectMapping: 0.354500 ms MarkObjects: 2.557100 ms  DeleteObjects: 3.867600 ms)

========================================================================
Received Prepare
Registering precompiled user dll's ...
Registered in 0.012203 seconds.
Begin MonoManager ReloadAssembly
Native extension for Lumin target not found
Native extension for WindowsStandalone target not found
Native extension for OSXStandalone target not found
Native extension for WebGL target not found
Refreshing native plugins compatible for Editor in 1.36 ms, found 7 plugins.
Preloading 1 native plugins for Editor in 0.10 ms.
Invoked RoslynAnalysisRunner static constructor.
RoslynAnalysisRunner will not be running.
RoslynAnalysisRunner has terminated.
Error when attempting to update scene info fields. Scene info data may be stale.
UnityEngine.StackTraceUtility:ExtractStackTrace ()
UnityEngine.DebugLogHandler:LogFormat (UnityEngine.LogType,UnityEngine.Object,string,object[])
UnityEngine.Logger:Log (UnityEngine.LogType,object)
UnityEngine.Debug:LogWarning (object)
Microsoft.MixedReality.Toolkit.Editor.SceneInfoUtils:RefreshSceneInfoFieldsInScriptableObjects () (at Assets/ASL/MRTK/Core/Inspectors/PropertyDrawers/SceneInfoUtils.cs:313)
Microsoft.MixedReality.Toolkit.Editor.SceneInfoUtils:InitializeOnLoad () (at Assets/ASL/MRTK/Core/Inspectors/PropertyDrawers/SceneInfoUtils.cs:231)

(Filename: Assets/ASL/MRTK/Core/Inspectors/PropertyDrawers/SceneInfoUtils.cs Line: 313)

Mono: successfully reloaded assembly
- Completed reload, in  2.152 seconds
Platform modules already initialized, skipping
Refreshing native plugins compatible for Editor in 1.00 ms, found 7 plugins.
Preloading 1 native plugins for Editor in 0.09 ms.
Unloading 3461 Unused Serialized files (Serialized files now loaded: 0)
System memory in use before: 171.1 MB.
System memory in use after: 170.1 MB.

Unloading 2335 unused Assets to reduce memory usage. Loaded Objects now: 3694.
Total: 7.441700 ms (FindLiveObjects: 0.556400 ms CreateObjectMapping: 0.350100 ms MarkObjects: 2.454900 ms  DeleteObjects: 4.078400 ms)

========================================================================
Received Prepare
Registering precompiled user dll's ...
Registered in 0.010245 seconds.
Begin MonoManager ReloadAssembly
Native extension for Lumin target not found
Native extension for WindowsStandalone target not found
Native extension for OSXStandalone target not found
Native extension for WebGL target not found
Refreshing native plugins compatible for Editor in 0.97 ms, found 7 plugins.
Preloading 1 native plugins for Editor in 0.11 ms.
Invoked RoslynAnalysisRunner static constructor.
RoslynAnalysisRunner will not be running.
RoslynAnalysisRunner has terminated.
Error when attempting to update scene info fields. Scene info data may be stale.
UnityEngine.StackTraceUtility:ExtractStackTrace ()
UnityEngine.DebugLogHandler:LogFormat (UnityEngine.LogType,UnityEngine.Object,string,object[])
UnityEngine.Logger:Log (UnityEngine.LogType,object)
UnityEngine.Debug:LogWarning (object)
Microsoft.MixedReality.Toolkit.Editor.SceneInfoUtils:RefreshSceneInfoFieldsInScriptableObjects () (at Assets/ASL/MRTK/Core/Inspectors/PropertyDrawers/SceneInfoUtils.cs:313)
Microsoft.MixedReality.Toolkit.Editor.SceneInfoUtils:InitializeOnLoad () (at Assets/ASL/MRTK/Core/Inspectors/PropertyDrawers/SceneInfoUtils.cs:231)

(Filename: Assets/ASL/MRTK/Core/Inspectors/PropertyDrawers/SceneInfoUtils.cs Line: 313)

Mono: successfully reloaded assembly
- Completed reload, in  2.055 seconds
Platform modules already initialized, skipping
Refreshing native plugins compatible for Editor in 1.37 ms, found 7 plugins.
Preloading 1 native plugins for Editor in 0.09 ms.
Unloading 3461 Unused Serialized files (Serialized files now loaded: 0)
System memory in use before: 171.1 MB.
System memory in use after: 170.2 MB.

Unloading 2335 unused Assets to reduce memory usage. Loaded Objects now: 3698.
Total: 6.312600 ms (FindLiveObjects: 0.641100 ms CreateObjectMapping: 0.386600 ms MarkObjects: 2.219200 ms  DeleteObjects: 3.064400 ms)

========================================================================
Received Prepare
Refreshing native plugins compatible for Editor in 5.09 ms, found 7 plugins.
Preloading 1 native plugins for Editor in 0.06 ms.
Unloading 24 Unused Serialized files (Serialized files now loaded: 0)
System memory in use before: 92.8 MB.
System memory in use after: 93.0 MB.

Unloading 24 unused Assets to reduce memory usage. Loaded Objects now: 3698.
Total: 3.074700 ms (FindLiveObjects: 0.317000 ms CreateObjectMapping: 0.143000 ms MarkObjects: 2.558600 ms  DeleteObjects: 0.055100 ms)

========================================================================
Received Prepare
Registering precompiled user dll's ...
Registered in 0.012436 seconds.
Begin MonoManager ReloadAssembly
Native extension for Lumin target not found
Native extension for WindowsStandalone target not found
Native extension for OSXStandalone target not found
Native extension for WebGL target not found
Refreshing native plugins compatible for Editor in 1.23 ms, found 7 plugins.
Preloading 1 native plugins for Editor in 0.11 ms.
Invoked RoslynAnalysisRunner static constructor.
RoslynAnalysisRunner will not be running.
RoslynAnalysisRunner has terminated.
Error when attempting to update scene info fields. Scene info data may be stale.
UnityEngine.StackTraceUtility:ExtractStackTrace ()
UnityEngine.DebugLogHandler:LogFormat (UnityEngine.LogType,UnityEngine.Object,string,object[])
UnityEngine.Logger:Log (UnityEngine.LogType,object)
UnityEngine.Debug:LogWarning (object)
Microsoft.MixedReality.Toolkit.Editor.SceneInfoUtils:RefreshSceneInfoFieldsInScriptableObjects () (at Assets/ASL/MRTK/Core/Inspectors/PropertyDrawers/SceneInfoUtils.cs:313)
Microsoft.MixedReality.Toolkit.Editor.SceneInfoUtils:InitializeOnLoad () (at Assets/ASL/MRTK/Core/Inspectors/PropertyDrawers/SceneInfoUtils.cs:231)

(Filename: Assets/ASL/MRTK/Core/Inspectors/PropertyDrawers/SceneInfoUtils.cs Line: 313)

Mono: successfully reloaded assembly
- Completed reload, in  2.217 seconds
Platform modules already initialized, skipping
Refreshing native plugins compatible for Editor in 1.40 ms, found 7 plugins.
Preloading 1 native plugins for Editor in 0.12 ms.
Unloading 3461 Unused Serialized files (Serialized files now loaded: 0)
System memory in use before: 171.1 MB.
System memory in use after: 170.0 MB.

Unloading 2335 unused Assets to reduce memory usage. Loaded Objects now: 3702.
Total: 9.548100 ms (FindLiveObjects: 1.147800 ms CreateObjectMapping: 0.580200 ms MarkObjects: 2.710900 ms  DeleteObjects: 5.107700 ms)

========================================================================
Received Prepare
Registering precompiled user dll's ...
Registered in 0.009297 seconds.
Begin MonoManager ReloadAssembly
Native extension for Lumin target not found
Native extension for WindowsStandalone target not found
Native extension for OSXStandalone target not found
Native extension for WebGL target not found
Refreshing native plugins compatible for Editor in 0.88 ms, found 7 plugins.
Preloading 1 native plugins for Editor in 0.08 ms.
Invoked RoslynAnalysisRunner static constructor.
RoslynAnalysisRunner will not be running.
RoslynAnalysisRunner has terminated.
Error when attempting to update scene info fields. Scene info data may be stale.
UnityEngine.StackTraceUtility:ExtractStackTrace ()
UnityEngine.DebugLogHandler:LogFormat (UnityEngine.LogType,UnityEngine.Object,string,object[])
UnityEngine.Logger:Log (UnityEngine.LogType,object)
UnityEngine.Debug:LogWarning (object)
Microsoft.MixedReality.Toolkit.Editor.SceneInfoUtils:RefreshSceneInfoFieldsInScriptableObjects () (at Assets/ASL/MRTK/Core/Inspectors/PropertyDrawers/SceneInfoUtils.cs:313)
Microsoft.MixedReality.Toolkit.Editor.SceneInfoUtils:InitializeOnLoad () (at Assets/ASL/MRTK/Core/Inspectors/PropertyDrawers/SceneInfoUtils.cs:231)

(Filename: Assets/ASL/MRTK/Core/Inspectors/PropertyDrawers/SceneInfoUtils.cs Line: 313)

Mono: successfully reloaded assembly
- Completed reload, in  1.868 seconds
Platform modules already initialized, skipping
Refreshing native plugins compatible for Editor in 1.28 ms, found 7 plugins.
Preloading 1 native plugins for Editor in 0.12 ms.
Unloading 3461 Unused Serialized files (Serialized files now loaded: 0)
System memory in use before: 171.2 MB.
System memory in use after: 170.2 MB.

Unloading 2335 unused Assets to reduce memory usage. Loaded Objects now: 3706.
Total: 6.631600 ms (FindLiveObjects: 0.694900 ms CreateObjectMapping: 0.445400 ms MarkObjects: 2.428100 ms  DeleteObjects: 3.061400 ms)

========================================================================
Received Import Request.
  Time since last request: 1344.921465 seconds.
  path: Assets/Resources/MyPrefabs/SimpleDemoPrefabs
  artifactKey: Guid(69ed8d6b7582adc4389d60ec9cc87ff9) Importer(815301076,1909f56bfc062723c751e8b465ee728b)
Start importing Assets/Resources/MyPrefabs/SimpleDemoPrefabs using Guid(69ed8d6b7582adc4389d60ec9cc87ff9) Importer(815301076,1909f56bfc062723c751e8b465ee728b)  -> (artifact id: '982cd1d365251ee286b85de497835bb1') in 0.013190 seconds
  Import took 0.020277 seconds .

========================================================================
Received Import Request.
  Time since last request: 0.051749 seconds.
  path: Assets/Resources/MyPrefabs/SimpleDemoPrefabs/NormalCloudAnchorObject.prefab
  artifactKey: Guid(1d9ed9ffc8731334dacd3f202c1079d5) Importer(815301076,1909f56bfc062723c751e8b465ee728b)
Start importing Assets/Resources/MyPrefabs/SimpleDemoPrefabs/NormalCloudAnchorObject.prefab using Guid(1d9ed9ffc8731334dacd3f202c1079d5) Importer(815301076,1909f56bfc062723c751e8b465ee728b)  -> (artifact id: '9f2c74751b50cd2795527d92480ad276') in 0.062450 seconds
  Import took 0.118638 seconds .

========================================================================
Received Import Request.
  Time since last request: 0.000208 seconds.
  path: Assets/Resources/MyPrefabs/SimpleDemoPrefabs/PlatformPlane.prefab
  artifactKey: Guid(878bf21d90bc4164cb0c0f64046abb21) Importer(815301076,1909f56bfc062723c751e8b465ee728b)
Start importing Assets/Resources/MyPrefabs/SimpleDemoPrefabs/PlatformPlane.prefab using Guid(878bf21d90bc4164cb0c0f64046abb21) Importer(815301076,1909f56bfc062723c751e8b465ee728b)  -> (artifact id: 'ffc84ae5849dfebaa32b5377da4bacfb') in 0.016280 seconds
  Import took 0.022567 seconds .

========================================================================
Received Import Request.
  Time since last request: 0.000224 seconds.
  path: Assets/Resources/MyPrefabs/SimpleDemoPrefabs/WorldOriginCloudAnchorObject.prefab
  artifactKey: Guid(95d6d9ce5c6853b40ace9e7e4d209298) Importer(815301076,1909f56bfc062723c751e8b465ee728b)
Start importing Assets/Resources/MyPrefabs/SimpleDemoPrefabs/WorldOriginCloudAnchorObject.prefab using Guid(95d6d9ce5c6853b40ace9e7e4d209298) Importer(815301076,1909f56bfc062723c751e8b465ee728b)  -> (artifact id: '4090f2fdabab5b4e100c7d81792dd051') in 0.013487 seconds
  Import took 0.019146 seconds .

========================================================================
Received Import Request.
  Time since last request: 6.508418 seconds.
  path: Assets/Resources/Script/Player/PlayerControlGlobalLight.cs
  artifactKey: Guid(70c48df43e0c95d4ba4a371f2039a1ea) Importer(815301076,1909f56bfc062723c751e8b465ee728b)
Start importing Assets/Resources/Script/Player/PlayerControlGlobalLight.cs using Guid(70c48df43e0c95d4ba4a371f2039a1ea) Importer(815301076,1909f56bfc062723c751e8b465ee728b)  -> (artifact id: '2f73118d98685afc3733ccfafb9c9a8e') in 0.011035 seconds
  Import took 0.015690 seconds .

========================================================================
Received Import Request.
  Time since last request: 0.861389 seconds.
  path: Assets/Resources/Script/Player/PlayerControlICameraWaitingRoom.cs
  artifactKey: Guid(9dc265e8bce4a044298a257fce5ca9a7) Importer(815301076,1909f56bfc062723c751e8b465ee728b)
Start importing Assets/Resources/Script/Player/PlayerControlICameraWaitingRoom.cs using Guid(9dc265e8bce4a044298a257fce5ca9a7) Importer(815301076,1909f56bfc062723c751e8b465ee728b)  -> (artifact id: 'a697f7bf410d4634c43ce5e12410fa28') in 0.005505 seconds
  Import took 0.010356 seconds .

========================================================================
Received Prepare
Registering precompiled user dll's ...
Registered in 0.016441 seconds.
Begin MonoManager ReloadAssembly
Native extension for Lumin target not found
Native extension for WindowsStandalone target not found
Native extension for OSXStandalone target not found
Native extension for WebGL target not found
Refreshing native plugins compatible for Editor in 1.01 ms, found 7 plugins.
Preloading 1 native plugins for Editor in 0.08 ms.
Invoked RoslynAnalysisRunner static constructor.
RoslynAnalysisRunner will not be running.
RoslynAnalysisRunner has terminated.
Error when attempting to update scene info fields. Scene info data may be stale.
UnityEngine.StackTraceUtility:ExtractStackTrace ()
UnityEngine.DebugLogHandler:LogFormat (UnityEngine.LogType,UnityEngine.Object,string,object[])
UnityEngine.Logger:Log (UnityEngine.LogType,object)
UnityEngine.Debug:LogWarning (object)
Microsoft.MixedReality.Toolkit.Editor.SceneInfoUtils:RefreshSceneInfoFieldsInScriptableObjects () (at Assets/ASL/MRTK/Core/Inspectors/PropertyDrawers/SceneInfoUtils.cs:313)
Microsoft.MixedReality.Toolkit.Editor.SceneInfoUtils:InitializeOnLoad () (at Assets/ASL/MRTK/Core/Inspectors/PropertyDrawers/SceneInfoUtils.cs:231)

(Filename: Assets/ASL/MRTK/Core/Inspectors/PropertyDrawers/SceneInfoUtils.cs Line: 313)

Mono: successfully reloaded assembly
- Completed reload, in  1.843 seconds
Platform modules already initialized, skipping
Refreshing native plugins compatible for Editor in 0.96 ms, found 7 plugins.
Preloading 1 native plugins for Editor in 0.10 ms.
Unloading 3461 Unused Serialized files (Serialized files now loaded: 0)
System memory in use before: 171.2 MB.
System memory in use after: 170.4 MB.

Unloading 2336 unused Assets to reduce memory usage. Loaded Objects now: 3713.
Total: 5.844600 ms (FindLiveObjects: 0.706800 ms CreateObjectMapping: 0.387200 ms MarkObjects: 2.214000 ms  DeleteObjects: 2.535200 ms)

========================================================================
Received Import Request.
  Time since last request: 169.847067 seconds.
  path: ProjectSettings/TagManager.asset
  artifactKey: Guid(00000000000000003000000000000000) Importer(815301076,1909f56bfc062723c751e8b465ee728b)
Start importing ProjectSettings/TagManager.asset using Guid(00000000000000003000000000000000) Importer(815301076,1909f56bfc062723c751e8b465ee728b)  -> (artifact id: 'ffd7f56b6ba55d8f05cfd62dad384130') in 0.021280 seconds
  Import took 0.027414 seconds .

========================================================================
Received Import Request.
  Time since last request: 11.218355 seconds.
  path: ProjectSettings/TagManager.asset
  artifactKey: Guid(00000000000000003000000000000000) Importer(815301076,1909f56bfc062723c751e8b465ee728b)
Start importing ProjectSettings/TagManager.asset using Guid(00000000000000003000000000000000) Importer(815301076,1909f56bfc062723c751e8b465ee728b)  -> (artifact id: 'b8688f8b82c283ab2b0e8b105a53a636') in 0.002436 seconds
  Import took 0.007159 seconds .

========================================================================
Received Import Request.
  Time since last request: 0.061360 seconds.
  path: ProjectSettings/TagManager.asset
  artifactKey: Guid(00000000000000003000000000000000) Importer(815301076,1909f56bfc062723c751e8b465ee728b)
Start importing ProjectSettings/TagManager.asset using Guid(00000000000000003000000000000000) Importer(815301076,1909f56bfc062723c751e8b465ee728b)  -> (artifact id: 'b8688f8b82c283ab2b0e8b105a53a636') in 0.003456 seconds
  Import took 0.008399 seconds .

========================================================================
Received Prepare
Registering precompiled user dll's ...
Registered in 0.009040 seconds.
Begin MonoManager ReloadAssembly
Native extension for Lumin target not found
Native extension for WindowsStandalone target not found
Native extension for OSXStandalone target not found
Native extension for WebGL target not found
Refreshing native plugins compatible for Editor in 0.82 ms, found 7 plugins.
Preloading 1 native plugins for Editor in 0.07 ms.
Invoked RoslynAnalysisRunner static constructor.
RoslynAnalysisRunner will not be running.
RoslynAnalysisRunner has terminated.
Error when attempting to update scene info fields. Scene info data may be stale.
UnityEngine.StackTraceUtility:ExtractStackTrace ()
UnityEngine.DebugLogHandler:LogFormat (UnityEngine.LogType,UnityEngine.Object,string,object[])
UnityEngine.Logger:Log (UnityEngine.LogType,object)
UnityEngine.Debug:LogWarning (object)
Microsoft.MixedReality.Toolkit.Editor.SceneInfoUtils:RefreshSceneInfoFieldsInScriptableObjects () (at Assets/ASL/MRTK/Core/Inspectors/PropertyDrawers/SceneInfoUtils.cs:313)
Microsoft.MixedReality.Toolkit.Editor.SceneInfoUtils:InitializeOnLoad () (at Assets/ASL/MRTK/Core/Inspectors/PropertyDrawers/SceneInfoUtils.cs:231)

(Filename: Assets/ASL/MRTK/Core/Inspectors/PropertyDrawers/SceneInfoUtils.cs Line: 313)

Mono: successfully reloaded assembly
- Completed reload, in  1.747 seconds
Platform modules already initialized, skipping
Refreshing native plugins compatible for Editor in 0.87 ms, found 7 plugins.
Preloading 1 native plugins for Editor in 0.07 ms.
Unloading 3461 Unused Serialized files (Serialized files now loaded: 0)
System memory in use before: 171.3 MB.
System memory in use after: 170.5 MB.

Unloading 2338 unused Assets to reduce memory usage. Loaded Objects now: 3717.
Total: 5.884400 ms (FindLiveObjects: 0.810200 ms CreateObjectMapping: 0.408300 ms MarkObjects: 2.201000 ms  DeleteObjects: 2.463700 ms)

========================================================================
Received Prepare
Registering precompiled user dll's ...
Registered in 0.009119 seconds.
Begin MonoManager ReloadAssembly
Native extension for Lumin target not found
Native extension for WindowsStandalone target not found
Native extension for OSXStandalone target not found
Native extension for WebGL target not found
Refreshing native plugins compatible for Editor in 0.83 ms, found 7 plugins.
Preloading 1 native plugins for Editor in 0.07 ms.
Invoked RoslynAnalysisRunner static constructor.
RoslynAnalysisRunner will not be running.
RoslynAnalysisRunner has terminated.
Error when attempting to update scene info fields. Scene info data may be stale.
UnityEngine.StackTraceUtility:ExtractStackTrace ()
UnityEngine.DebugLogHandler:LogFormat (UnityEngine.LogType,UnityEngine.Object,string,object[])
UnityEngine.Logger:Log (UnityEngine.LogType,object)
UnityEngine.Debug:LogWarning (object)
Microsoft.MixedReality.Toolkit.Editor.SceneInfoUtils:RefreshSceneInfoFieldsInScriptableObjects () (at Assets/ASL/MRTK/Core/Inspectors/PropertyDrawers/SceneInfoUtils.cs:313)
Microsoft.MixedReality.Toolkit.Editor.SceneInfoUtils:InitializeOnLoad () (at Assets/ASL/MRTK/Core/Inspectors/PropertyDrawers/SceneInfoUtils.cs:231)

(Filename: Assets/ASL/MRTK/Core/Inspectors/PropertyDrawers/SceneInfoUtils.cs Line: 313)

Mono: successfully reloaded assembly
- Completed reload, in  1.599 seconds
Platform modules already initialized, skipping
Refreshing native plugins compatible for Editor in 0.83 ms, found 7 plugins.
Preloading 1 native plugins for Editor in 0.07 ms.
Unloading 3461 Unused Serialized files (Serialized files now loaded: 0)
System memory in use before: 171.3 MB.
System memory in use after: 170.4 MB.

Unloading 2335 unused Assets to reduce memory usage. Loaded Objects now: 3721.
Total: 5.166400 ms (FindLiveObjects: 0.505800 ms CreateObjectMapping: 0.254700 ms MarkObjects: 1.987300 ms  DeleteObjects: 2.417700 ms)

========================================================================
Received Prepare
Registering precompiled user dll's ...
Registered in 0.008977 seconds.
Begin MonoManager ReloadAssembly
Native extension for Lumin target not found
Native extension for WindowsStandalone target not found
Native extension for OSXStandalone target not found
Native extension for WebGL target not found
Refreshing native plugins compatible for Editor in 0.83 ms, found 7 plugins.
Preloading 1 native plugins for Editor in 0.07 ms.
Invoked RoslynAnalysisRunner static constructor.
RoslynAnalysisRunner will not be running.
RoslynAnalysisRunner has terminated.
Error when attempting to update scene info fields. Scene info data may be stale.
UnityEngine.StackTraceUtility:ExtractStackTrace ()
UnityEngine.DebugLogHandler:LogFormat (UnityEngine.LogType,UnityEngine.Object,string,object[])
UnityEngine.Logger:Log (UnityEngine.LogType,object)
UnityEngine.Debug:LogWarning (object)
Microsoft.MixedReality.Toolkit.Editor.SceneInfoUtils:RefreshSceneInfoFieldsInScriptableObjects () (at Assets/ASL/MRTK/Core/Inspectors/PropertyDrawers/SceneInfoUtils.cs:313)
Microsoft.MixedReality.Toolkit.Editor.SceneInfoUtils:InitializeOnLoad () (at Assets/ASL/MRTK/Core/Inspectors/PropertyDrawers/SceneInfoUtils.cs:231)

(Filename: Assets/ASL/MRTK/Core/Inspectors/PropertyDrawers/SceneInfoUtils.cs Line: 313)

Mono: successfully reloaded assembly
- Completed reload, in  1.645 seconds
Platform modules already initialized, skipping
Refreshing native plugins compatible for Editor in 0.86 ms, found 7 plugins.
Preloading 1 native plugins for Editor in 0.07 ms.
Unloading 3461 Unused Serialized files (Serialized files now loaded: 0)
System memory in use before: 171.3 MB.
System memory in use after: 170.5 MB.

Unloading 2335 unused Assets to reduce memory usage. Loaded Objects now: 3725.
Total: 5.592200 ms (FindLiveObjects: 1.001600 ms CreateObjectMapping: 0.310700 ms MarkObjects: 1.968200 ms  DeleteObjects: 2.309900 ms)

========================================================================
Received Prepare
Registering precompiled user dll's ...
Registered in 0.008884 seconds.
Begin MonoManager ReloadAssembly
Native extension for Lumin target not found
Native extension for WindowsStandalone target not found
Native extension for OSXStandalone target not found
Native extension for WebGL target not found
Refreshing native plugins compatible for Editor in 1.29 ms, found 7 plugins.
Preloading 1 native plugins for Editor in 0.10 ms.
Invoked RoslynAnalysisRunner static constructor.
RoslynAnalysisRunner will not be running.
RoslynAnalysisRunner has terminated.
Error when attempting to update scene info fields. Scene info data may be stale.
UnityEngine.StackTraceUtility:ExtractStackTrace ()
UnityEngine.DebugLogHandler:LogFormat (UnityEngine.LogType,UnityEngine.Object,string,object[])
UnityEngine.Logger:Log (UnityEngine.LogType,object)
UnityEngine.Debug:LogWarning (object)
Microsoft.MixedReality.Toolkit.Editor.SceneInfoUtils:RefreshSceneInfoFieldsInScriptableObjects () (at Assets/ASL/MRTK/Core/Inspectors/PropertyDrawers/SceneInfoUtils.cs:313)
Microsoft.MixedReality.Toolkit.Editor.SceneInfoUtils:InitializeOnLoad () (at Assets/ASL/MRTK/Core/Inspectors/PropertyDrawers/SceneInfoUtils.cs:231)

(Filename: Assets/ASL/MRTK/Core/Inspectors/PropertyDrawers/SceneInfoUtils.cs Line: 313)

Mono: successfully reloaded assembly
- Completed reload, in  1.803 seconds
Platform modules already initialized, skipping
Refreshing native plugins compatible for Editor in 1.73 ms, found 7 plugins.
Preloading 1 native plugins for Editor in 0.13 ms.
Unloading 3463 Unused Serialized files (Serialized files now loaded: 0)
System memory in use before: 172.4 MB.
System memory in use after: 170.8 MB.

Unloading 2359 unused Assets to reduce memory usage. Loaded Objects now: 3729.
Total: 9.519400 ms (FindLiveObjects: 1.016300 ms CreateObjectMapping: 0.530100 ms MarkObjects: 3.472000 ms  DeleteObjects: 4.498400 ms)

========================================================================
Received Import Request.
  Time since last request: 982.061766 seconds.
  path: Assets/Resources/MyPrefabs/TreeMaterial.mat
  artifactKey: Guid(959d949d19780da4da69b79b2d600f2a) Importer(815301076,1909f56bfc062723c751e8b465ee728b)
Start importing Assets/Resources/MyPrefabs/TreeMaterial.mat using Guid(959d949d19780da4da69b79b2d600f2a) Importer(815301076,1909f56bfc062723c751e8b465ee728b)  -> (artifact id: 'ad3c413f4792a083f668d880d072afbc') in 0.069931 seconds
  Import took 0.076948 seconds .

========================================================================
Received Import Request.
  Time since last request: 5.191758 seconds.
  path: Assets/Resources/MyPrefabs/TreeMaterial.mat
  artifactKey: Guid(959d949d19780da4da69b79b2d600f2a) Importer(815301076,1909f56bfc062723c751e8b465ee728b)
Start importing Assets/Resources/MyPrefabs/TreeMaterial.mat using Guid(959d949d19780da4da69b79b2d600f2a) Importer(815301076,1909f56bfc062723c751e8b465ee728b)  -> (artifact id: '4955f1ccc1ca5eb66844844131e4797b') in 0.008611 seconds
  Import took 0.013480 seconds .

========================================================================
Received Import Request.
  Time since last request: 23.559255 seconds.
  path: Assets/Resources/MyPrefabs/TreeMaterial.mat
  artifactKey: Guid(959d949d19780da4da69b79b2d600f2a) Importer(815301076,1909f56bfc062723c751e8b465ee728b)
Start importing Assets/Resources/MyPrefabs/TreeMaterial.mat using Guid(959d949d19780da4da69b79b2d600f2a) Importer(815301076,1909f56bfc062723c751e8b465ee728b)  -> (artifact id: '71a9e865261899fb74ebe9196f172db2') in 0.021712 seconds
  Import took 0.027338 seconds .

========================================================================
Received Import Request.
  Time since last request: 26.525826 seconds.
  path: Assets/Resources/MyPrefabs/Tree.prefab
  artifactKey: Guid(351580207be954344947528adc38c8bd) Importer(815301076,1909f56bfc062723c751e8b465ee728b)
Start importing Assets/Resources/MyPrefabs/Tree.prefab using Guid(351580207be954344947528adc38c8bd) Importer(815301076,1909f56bfc062723c751e8b465ee728b)  -> (artifact id: '3a60773ab3d5d57acb3c783b5261aa01') in 0.032373 seconds
  Import took 0.037803 seconds .

========================================================================
Received Import Request.
  Time since last request: 26.499900 seconds.
  path: Assets/Resources/MyPrefabs/Cube.prefab
  artifactKey: Guid(4a48317be688f9f46bcfc9e791454cc7) Importer(815301076,1909f56bfc062723c751e8b465ee728b)
Start importing Assets/Resources/MyPrefabs/Cube.prefab using Guid(4a48317be688f9f46bcfc9e791454cc7) Importer(815301076,1909f56bfc062723c751e8b465ee728b)  -> (artifact id: '919640619e797e5ae3fbee6c0e288063') in 0.010763 seconds
  Import took 0.016364 seconds .

========================================================================
Received Import Request.
  Time since last request: 4.163121 seconds.
  path: Assets/Resources/MyPrefabs/Houst.prefab
  artifactKey: Guid(4a48317be688f9f46bcfc9e791454cc7) Importer(815301076,1909f56bfc062723c751e8b465ee728b)
Start importing Assets/Resources/MyPrefabs/Houst.prefab using Guid(4a48317be688f9f46bcfc9e791454cc7) Importer(815301076,1909f56bfc062723c751e8b465ee728b)  -> (artifact id: 'a1de999695c87edaac04c8780443b4d8') in 0.010016 seconds
  Import took 0.014777 seconds .

========================================================================
Received Import Request.
  Time since last request: 19.892328 seconds.
  path: Assets/Resources/MyPrefabs/House.prefab
  artifactKey: Guid(94c5852c3c7f21242815ccc26867e538) Importer(815301076,1909f56bfc062723c751e8b465ee728b)
Start importing Assets/Resources/MyPrefabs/House.prefab using Guid(94c5852c3c7f21242815ccc26867e538) Importer(815301076,1909f56bfc062723c751e8b465ee728b)  -> (artifact id: '6becb3b37725bdbfa0533698387a3d1d') in 0.010421 seconds
  Import took 0.015944 seconds .

========================================================================
Received Prepare
Registering precompiled user dll's ...
Registered in 0.009582 seconds.
Begin MonoManager ReloadAssembly
Native extension for Lumin target not found
Native extension for WindowsStandalone target not found
Native extension for OSXStandalone target not found
Native extension for WebGL target not found
Refreshing native plugins compatible for Editor in 0.82 ms, found 7 plugins.
Preloading 1 native plugins for Editor in 0.07 ms.
Invoked RoslynAnalysisRunner static constructor.
RoslynAnalysisRunner will not be running.
RoslynAnalysisRunner has terminated.
Error when attempting to update scene info fields. Scene info data may be stale.
UnityEngine.StackTraceUtility:ExtractStackTrace ()
UnityEngine.DebugLogHandler:LogFormat (UnityEngine.LogType,UnityEngine.Object,string,object[])
UnityEngine.Logger:Log (UnityEngine.LogType,object)
UnityEngine.Debug:LogWarning (object)
Microsoft.MixedReality.Toolkit.Editor.SceneInfoUtils:RefreshSceneInfoFieldsInScriptableObjects () (at Assets/ASL/MRTK/Core/Inspectors/PropertyDrawers/SceneInfoUtils.cs:313)
Microsoft.MixedReality.Toolkit.Editor.SceneInfoUtils:InitializeOnLoad () (at Assets/ASL/MRTK/Core/Inspectors/PropertyDrawers/SceneInfoUtils.cs:231)

(Filename: Assets/ASL/MRTK/Core/Inspectors/PropertyDrawers/SceneInfoUtils.cs Line: 313)

Mono: successfully reloaded assembly
- Completed reload, in  1.865 seconds
Platform modules already initialized, skipping
Refreshing native plugins compatible for Editor in 0.90 ms, found 7 plugins.
Preloading 1 native plugins for Editor in 0.09 ms.
Unloading 3465 Unused Serialized files (Serialized files now loaded: 0)
System memory in use before: 173.5 MB.
System memory in use after: 172.6 MB.

Unloading 2368 unused Assets to reduce memory usage. Loaded Objects now: 3772.
Total: 6.299400 ms (FindLiveObjects: 0.869800 ms CreateObjectMapping: 0.393500 ms MarkObjects: 2.188900 ms  DeleteObjects: 2.845800 ms)

========================================================================
Received Prepare
Registering precompiled user dll's ...
Registered in 0.009295 seconds.
Begin MonoManager ReloadAssembly
Native extension for Lumin target not found
Native extension for WindowsStandalone target not found
Native extension for OSXStandalone target not found
Native extension for WebGL target not found
Refreshing native plugins compatible for Editor in 0.82 ms, found 7 plugins.
Preloading 1 native plugins for Editor in 0.08 ms.
Invoked RoslynAnalysisRunner static constructor.
RoslynAnalysisRunner will not be running.
RoslynAnalysisRunner has terminated.
Error when attempting to update scene info fields. Scene info data may be stale.
UnityEngine.StackTraceUtility:ExtractStackTrace ()
UnityEngine.DebugLogHandler:LogFormat (UnityEngine.LogType,UnityEngine.Object,string,object[])
UnityEngine.Logger:Log (UnityEngine.LogType,object)
UnityEngine.Debug:LogWarning (object)
Microsoft.MixedReality.Toolkit.Editor.SceneInfoUtils:RefreshSceneInfoFieldsInScriptableObjects () (at Assets/ASL/MRTK/Core/Inspectors/PropertyDrawers/SceneInfoUtils.cs:313)
Microsoft.MixedReality.Toolkit.Editor.SceneInfoUtils:InitializeOnLoad () (at Assets/ASL/MRTK/Core/Inspectors/PropertyDrawers/SceneInfoUtils.cs:231)

(Filename: Assets/ASL/MRTK/Core/Inspectors/PropertyDrawers/SceneInfoUtils.cs Line: 313)

Mono: successfully reloaded assembly
- Completed reload, in  1.683 seconds
Platform modules already initialized, skipping
Refreshing native plugins compatible for Editor in 0.86 ms, found 7 plugins.
Preloading 1 native plugins for Editor in 0.07 ms.
Unloading 3465 Unused Serialized files (Serialized files now loaded: 0)
System memory in use before: 173.6 MB.
System memory in use after: 172.6 MB.

Unloading 2367 unused Assets to reduce memory usage. Loaded Objects now: 3776.
Total: 6.412600 ms (FindLiveObjects: 0.593600 ms CreateObjectMapping: 0.326600 ms MarkObjects: 2.375700 ms  DeleteObjects: 3.115000 ms)

========================================================================
Received Prepare
Registering precompiled user dll's ...
Registered in 0.009139 seconds.
Begin MonoManager ReloadAssembly
Native extension for Lumin target not found
Native extension for WindowsStandalone target not found
Native extension for OSXStandalone target not found
Native extension for WebGL target not found
Refreshing native plugins compatible for Editor in 0.83 ms, found 7 plugins.
Preloading 1 native plugins for Editor in 0.08 ms.
Invoked RoslynAnalysisRunner static constructor.
RoslynAnalysisRunner will not be running.
RoslynAnalysisRunner has terminated.
Error when attempting to update scene info fields. Scene info data may be stale.
UnityEngine.StackTraceUtility:ExtractStackTrace ()
UnityEngine.DebugLogHandler:LogFormat (UnityEngine.LogType,UnityEngine.Object,string,object[])
UnityEngine.Logger:Log (UnityEngine.LogType,object)
UnityEngine.Debug:LogWarning (object)
Microsoft.MixedReality.Toolkit.Editor.SceneInfoUtils:RefreshSceneInfoFieldsInScriptableObjects () (at Assets/ASL/MRTK/Core/Inspectors/PropertyDrawers/SceneInfoUtils.cs:313)
Microsoft.MixedReality.Toolkit.Editor.SceneInfoUtils:InitializeOnLoad () (at Assets/ASL/MRTK/Core/Inspectors/PropertyDrawers/SceneInfoUtils.cs:231)

(Filename: Assets/ASL/MRTK/Core/Inspectors/PropertyDrawers/SceneInfoUtils.cs Line: 313)

Mono: successfully reloaded assembly
- Completed reload, in  1.934 seconds
Platform modules already initialized, skipping
Refreshing native plugins compatible for Editor in 0.90 ms, found 7 plugins.
Preloading 1 native plugins for Editor in 0.09 ms.
Unloading 3465 Unused Serialized files (Serialized files now loaded: 0)
System memory in use before: 173.6 MB.
System memory in use after: 172.6 MB.

Unloading 2367 unused Assets to reduce memory usage. Loaded Objects now: 3780.
Total: 6.311400 ms (FindLiveObjects: 0.767400 ms CreateObjectMapping: 0.446000 ms MarkObjects: 2.222600 ms  DeleteObjects: 2.874300 ms)

========================================================================
Received Import Request.
  Time since last request: 462.688257 seconds.
  path: Assets/Resources/MyPrefabs/Tree.prefab
  artifactKey: Guid(351580207be954344947528adc38c8bd) Importer(815301076,1909f56bfc062723c751e8b465ee728b)
Start importing Assets/Resources/MyPrefabs/Tree.prefab using Guid(351580207be954344947528adc38c8bd) Importer(815301076,1909f56bfc062723c751e8b465ee728b)  -> (artifact id: '0d365b3f00df13d326d29bd948380bde') in 0.052504 seconds
  Import took 0.058768 seconds .

========================================================================
Received Prepare
Registering precompiled user dll's ...
Registered in 0.009261 seconds.
Begin MonoManager ReloadAssembly
Native extension for Lumin target not found
Native extension for WindowsStandalone target not found
Native extension for OSXStandalone target not found
Native extension for WebGL target not found
Refreshing native plugins compatible for Editor in 0.84 ms, found 7 plugins.
Preloading 1 native plugins for Editor in 0.10 ms.
Invoked RoslynAnalysisRunner static constructor.
RoslynAnalysisRunner will not be running.
RoslynAnalysisRunner has terminated.
Error when attempting to update scene info fields. Scene info data may be stale.
UnityEngine.StackTraceUtility:ExtractStackTrace ()
UnityEngine.DebugLogHandler:LogFormat (UnityEngine.LogType,UnityEngine.Object,string,object[])
UnityEngine.Logger:Log (UnityEngine.LogType,object)
UnityEngine.Debug:LogWarning (object)
Microsoft.MixedReality.Toolkit.Editor.SceneInfoUtils:RefreshSceneInfoFieldsInScriptableObjects () (at Assets/ASL/MRTK/Core/Inspectors/PropertyDrawers/SceneInfoUtils.cs:313)
Microsoft.MixedReality.Toolkit.Editor.SceneInfoUtils:InitializeOnLoad () (at Assets/ASL/MRTK/Core/Inspectors/PropertyDrawers/SceneInfoUtils.cs:231)

(Filename: Assets/ASL/MRTK/Core/Inspectors/PropertyDrawers/SceneInfoUtils.cs Line: 313)

Mono: successfully reloaded assembly
- Completed reload, in  1.608 seconds
Platform modules already initialized, skipping
Refreshing native plugins compatible for Editor in 0.84 ms, found 7 plugins.
Preloading 1 native plugins for Editor in 0.07 ms.
Unloading 3465 Unused Serialized files (Serialized files now loaded: 0)
System memory in use before: 173.6 MB.
System memory in use after: 172.7 MB.

Unloading 2367 unused Assets to reduce memory usage. Loaded Objects now: 3785.
Total: 5.440700 ms (FindLiveObjects: 0.583800 ms CreateObjectMapping: 0.334000 ms MarkObjects: 2.071000 ms  DeleteObjects: 2.450500 ms)

========================================================================
Received Prepare
Registering precompiled user dll's ...
Registered in 0.009475 seconds.
Begin MonoManager ReloadAssembly
Native extension for Lumin target not found
Native extension for WindowsStandalone target not found
Native extension for OSXStandalone target not found
Native extension for WebGL target not found
Refreshing native plugins compatible for Editor in 3.38 ms, found 7 plugins.
Preloading 1 native plugins for Editor in 0.15 ms.
Invoked RoslynAnalysisRunner static constructor.
RoslynAnalysisRunner will not be running.
RoslynAnalysisRunner has terminated.
Error when attempting to update scene info fields. Scene info data may be stale.
UnityEngine.StackTraceUtility:ExtractStackTrace ()
UnityEngine.DebugLogHandler:LogFormat (UnityEngine.LogType,UnityEngine.Object,string,object[])
UnityEngine.Logger:Log (UnityEngine.LogType,object)
UnityEngine.Debug:LogWarning (object)
Microsoft.MixedReality.Toolkit.Editor.SceneInfoUtils:RefreshSceneInfoFieldsInScriptableObjects () (at Assets/ASL/MRTK/Core/Inspectors/PropertyDrawers/SceneInfoUtils.cs:313)
Microsoft.MixedReality.Toolkit.Editor.SceneInfoUtils:InitializeOnLoad () (at Assets/ASL/MRTK/Core/Inspectors/PropertyDrawers/SceneInfoUtils.cs:231)

(Filename: Assets/ASL/MRTK/Core/Inspectors/PropertyDrawers/SceneInfoUtils.cs Line: 313)

Mono: successfully reloaded assembly
- Completed reload, in  1.816 seconds
Platform modules already initialized, skipping
Refreshing native plugins compatible for Editor in 0.89 ms, found 7 plugins.
Preloading 1 native plugins for Editor in 0.08 ms.
Unloading 3465 Unused Serialized files (Serialized files now loaded: 0)
System memory in use before: 173.6 MB.
System memory in use after: 172.3 MB.

Unloading 2367 unused Assets to reduce memory usage. Loaded Objects now: 3789.
Total: 8.346200 ms (FindLiveObjects: 0.730700 ms CreateObjectMapping: 0.466900 ms MarkObjects: 2.380000 ms  DeleteObjects: 4.767100 ms)

========================================================================
Received Import Request.
  Time since last request: 178.842006 seconds.
  path: Assets/Resources/MyPrefabs/PlayerFlashLight.prefab
  artifactKey: Guid(f668de65bf3f06b41a42dcfe6ea0b2ff) Importer(815301076,1909f56bfc062723c751e8b465ee728b)
Start importing Assets/Resources/MyPrefabs/PlayerFlashLight.prefab using Guid(f668de65bf3f06b41a42dcfe6ea0b2ff) Importer(815301076,1909f56bfc062723c751e8b465ee728b)  -> (artifact id: '779ee15d6b18d0e04c83a682d80c90f0') in 0.022882 seconds
  Import took 0.028903 seconds .

========================================================================
Received Import Request.
  Time since last request: 6.745770 seconds.
  path: Assets/Resources/MyPrefabs/PlayerFlashLight.prefab
  artifactKey: Guid(f668de65bf3f06b41a42dcfe6ea0b2ff) Importer(815301076,1909f56bfc062723c751e8b465ee728b)
Start importing Assets/Resources/MyPrefabs/PlayerFlashLight.prefab using Guid(f668de65bf3f06b41a42dcfe6ea0b2ff) Importer(815301076,1909f56bfc062723c751e8b465ee728b)  -> (artifact id: '1985322f76f60fb895af4da46d13e47b') in 0.003857 seconds
  Import took 0.008894 seconds .

========================================================================
Received Prepare
Registering precompiled user dll's ...
Registered in 0.009043 seconds.
Begin MonoManager ReloadAssembly
Native extension for Lumin target not found
Native extension for WindowsStandalone target not found
Native extension for OSXStandalone target not found
Native extension for WebGL target not found
Refreshing native plugins compatible for Editor in 0.85 ms, found 7 plugins.
Preloading 1 native plugins for Editor in 0.08 ms.
Invoked RoslynAnalysisRunner static constructor.
RoslynAnalysisRunner will not be running.
RoslynAnalysisRunner has terminated.
Error when attempting to update scene info fields. Scene info data may be stale.
UnityEngine.StackTraceUtility:ExtractStackTrace ()
UnityEngine.DebugLogHandler:LogFormat (UnityEngine.LogType,UnityEngine.Object,string,object[])
UnityEngine.Logger:Log (UnityEngine.LogType,object)
UnityEngine.Debug:LogWarning (object)
Microsoft.MixedReality.Toolkit.Editor.SceneInfoUtils:RefreshSceneInfoFieldsInScriptableObjects () (at Assets/ASL/MRTK/Core/Inspectors/PropertyDrawers/SceneInfoUtils.cs:313)
Microsoft.MixedReality.Toolkit.Editor.SceneInfoUtils:InitializeOnLoad () (at Assets/ASL/MRTK/Core/Inspectors/PropertyDrawers/SceneInfoUtils.cs:231)

(Filename: Assets/ASL/MRTK/Core/Inspectors/PropertyDrawers/SceneInfoUtils.cs Line: 313)

Mono: successfully reloaded assembly
- Completed reload, in  1.698 seconds
Platform modules already initialized, skipping
Refreshing native plugins compatible for Editor in 1.37 ms, found 7 plugins.
Preloading 1 native plugins for Editor in 0.09 ms.
Unloading 3465 Unused Serialized files (Serialized files now loaded: 0)
System memory in use before: 173.7 MB.
System memory in use after: 172.7 MB.

Unloading 2367 unused Assets to reduce memory usage. Loaded Objects now: 3793.
Total: 5.718900 ms (FindLiveObjects: 0.706300 ms CreateObjectMapping: 0.293500 ms MarkObjects: 2.119400 ms  DeleteObjects: 2.598500 ms)

========================================================================
Received Import Request.
  Time since last request: 17.513349 seconds.
  path: Assets/Resources/MyPrefabs/House.prefab
  artifactKey: Guid(94c5852c3c7f21242815ccc26867e538) Importer(815301076,1909f56bfc062723c751e8b465ee728b)
Start importing Assets/Resources/MyPrefabs/House.prefab using Guid(94c5852c3c7f21242815ccc26867e538) Importer(815301076,1909f56bfc062723c751e8b465ee728b)  -> (artifact id: '0aac70a49f5e2965cb6fd5b0d52d8508') in 0.046728 seconds
  Import took 0.052834 seconds .

========================================================================
Received Prepare
Registering precompiled user dll's ...
Registered in 0.009492 seconds.
Begin MonoManager ReloadAssembly
Native extension for Lumin target not found
Native extension for WindowsStandalone target not found
Native extension for OSXStandalone target not found
Native extension for WebGL target not found
Refreshing native plugins compatible for Editor in 1.05 ms, found 7 plugins.
Preloading 1 native plugins for Editor in 0.08 ms.
Invoked RoslynAnalysisRunner static constructor.
RoslynAnalysisRunner will not be running.
RoslynAnalysisRunner has terminated.
Error when attempting to update scene info fields. Scene info data may be stale.
UnityEngine.StackTraceUtility:ExtractStackTrace ()
UnityEngine.DebugLogHandler:LogFormat (UnityEngine.LogType,UnityEngine.Object,string,object[])
UnityEngine.Logger:Log (UnityEngine.LogType,object)
UnityEngine.Debug:LogWarning (object)
Microsoft.MixedReality.Toolkit.Editor.SceneInfoUtils:RefreshSceneInfoFieldsInScriptableObjects () (at Assets/ASL/MRTK/Core/Inspectors/PropertyDrawers/SceneInfoUtils.cs:313)
Microsoft.MixedReality.Toolkit.Editor.SceneInfoUtils:InitializeOnLoad () (at Assets/ASL/MRTK/Core/Inspectors/PropertyDrawers/SceneInfoUtils.cs:231)

(Filename: Assets/ASL/MRTK/Core/Inspectors/PropertyDrawers/SceneInfoUtils.cs Line: 313)

Mono: successfully reloaded assembly
- Completed reload, in  1.843 seconds
Platform modules already initialized, skipping
Refreshing native plugins compatible for Editor in 0.89 ms, found 7 plugins.
Preloading 1 native plugins for Editor in 0.08 ms.
Unloading 3465 Unused Serialized files (Serialized files now loaded: 0)
System memory in use before: 173.7 MB.
System memory in use after: 172.6 MB.

Unloading 2368 unused Assets to reduce memory usage. Loaded Objects now: 3798.
Total: 8.324700 ms (FindLiveObjects: 0.780500 ms CreateObjectMapping: 0.470200 ms MarkObjects: 2.938900 ms  DeleteObjects: 4.132900 ms)

AssetImportWorkerClient::OnTransportError - code=2 error=End of file
